[2024-04-08 10:04:48] local.ERROR: Disk [public/profile/] does not have a configured driver. {"userId":2,"exception":"[object] (InvalidArgumentException(code: 0): Disk [public/profile/] does not have a configured driver. at /data/data/com.termux/files/home/Aplikasi-Management-Inventaris/vendor/laravel/framework/src/Illuminate/Filesystem/FilesystemManager.php:137)
[stacktrace]
#0 /data/data/com.termux/files/home/Aplikasi-Management-Inventaris/vendor/laravel/framework/src/Illuminate/Filesystem/FilesystemManager.php(120): Illuminate\\Filesystem\\FilesystemManager->resolve('public/profile/')
#1 /data/data/com.termux/files/home/Aplikasi-Management-Inventaris/vendor/laravel/framework/src/Illuminate/Filesystem/FilesystemManager.php(83): Illuminate\\Filesystem\\FilesystemManager->get('public/profile/')
#2 /data/data/com.termux/files/home/Aplikasi-Management-Inventaris/vendor/laravel/framework/src/Illuminate/Support/Facades/Facade.php(357): Illuminate\\Filesystem\\FilesystemManager->disk('public/profile/')
#3 /data/data/com.termux/files/home/Aplikasi-Management-Inventaris/app/Http/Controllers/ProfileController.php(23): Illuminate\\Support\\Facades\\Facade::__callStatic('disk', Array)
#4 /data/data/com.termux/files/home/Aplikasi-Management-Inventaris/vendor/laravel/framework/src/Illuminate/Routing/ControllerDispatcher.php(46): App\\Http\\Controllers\\ProfileController->update(Object(Illuminate\\Http\\Request))
#5 /data/data/com.termux/files/home/Aplikasi-Management-Inventaris/vendor/laravel/framework/src/Illuminate/Routing/Route.php(260): Illuminate\\Routing\\ControllerDispatcher->dispatch(Object(Illuminate\\Routing\\Route), Object(App\\Http\\Controllers\\ProfileController), 'update')
#6 /data/data/com.termux/files/home/Aplikasi-Management-Inventaris/vendor/laravel/framework/src/Illuminate/Routing/Route.php(206): Illuminate\\Routing\\Route->runController()
#7 /data/data/com.termux/files/home/Aplikasi-Management-Inventaris/vendor/laravel/framework/src/Illuminate/Routing/Router.php(806): Illuminate\\Routing\\Route->run()
#8 /data/data/com.termux/files/home/Aplikasi-Management-Inventaris/vendor/laravel/framework/src/Illuminate/Pipeline/Pipeline.php(144): Illuminate\\Routing\\Router->Illuminate\\Routing\\{closure}(Object(Illuminate\\Http\\Request))
#9 /data/data/com.termux/files/home/Aplikasi-Management-Inventaris/vendor/laravel/framework/src/Illuminate/Routing/Middleware/SubstituteBindings.php(50): Illuminate\\Pipeline\\Pipeline->Illuminate\\Pipeline\\{closure}(Object(Illuminate\\Http\\Request))
#10 /data/data/com.termux/files/home/Aplikasi-Management-Inventaris/vendor/laravel/framework/src/Illuminate/Pipeline/Pipeline.php(183): Illuminate\\Routing\\Middleware\\SubstituteBindings->handle(Object(Illuminate\\Http\\Request), Object(Closure))
#11 /data/data/com.termux/files/home/Aplikasi-Management-Inventaris/vendor/laravel/framework/src/Illuminate/Auth/Middleware/Authenticate.php(64): Illuminate\\Pipeline\\Pipeline->Illuminate\\Pipeline\\{closure}(Object(Illuminate\\Http\\Request))
#12 /data/data/com.termux/files/home/Aplikasi-Management-Inventaris/vendor/laravel/framework/src/Illuminate/Pipeline/Pipeline.php(183): Illuminate\\Auth\\Middleware\\Authenticate->handle(Object(Illuminate\\Http\\Request), Object(Closure))
#13 /data/data/com.termux/files/home/Aplikasi-Management-Inventaris/vendor/laravel/framework/src/Illuminate/Foundation/Http/Middleware/VerifyCsrfToken.php(88): Illuminate\\Pipeline\\Pipeline->Illuminate\\Pipeline\\{closure}(Object(Illuminate\\Http\\Request))
#14 /data/data/com.termux/files/home/Aplikasi-Management-Inventaris/vendor/laravel/framework/src/Illuminate/Pipeline/Pipeline.php(183): Illuminate\\Foundation\\Http\\Middleware\\VerifyCsrfToken->handle(Object(Illuminate\\Http\\Request), Object(Closure))
#15 /data/data/com.termux/files/home/Aplikasi-Management-Inventaris/vendor/laravel/framework/src/Illuminate/View/Middleware/ShareErrorsFromSession.php(49): Illuminate\\Pipeline\\Pipeline->Illuminate\\Pipeline\\{closure}(Object(Illuminate\\Http\\Request))
#16 /data/data/com.termux/files/home/Aplikasi-Management-Inventaris/vendor/laravel/framework/src/Illuminate/Pipeline/Pipeline.php(183): Illuminate\\View\\Middleware\\ShareErrorsFromSession->handle(Object(Illuminate\\Http\\Request), Object(Closure))
#17 /data/data/com.termux/files/home/Aplikasi-Management-Inventaris/vendor/laravel/framework/src/Illuminate/Session/Middleware/StartSession.php(121): Illuminate\\Pipeline\\Pipeline->Illuminate\\Pipeline\\{closure}(Object(Illuminate\\Http\\Request))
#18 /data/data/com.termux/files/home/Aplikasi-Management-Inventaris/vendor/laravel/framework/src/Illuminate/Session/Middleware/StartSession.php(64): Illuminate\\Session\\Middleware\\StartSession->handleStatefulRequest(Object(Illuminate\\Http\\Request), Object(Illuminate\\Session\\Store), Object(Closure))
#19 /data/data/com.termux/files/home/Aplikasi-Management-Inventaris/vendor/laravel/framework/src/Illuminate/Pipeline/Pipeline.php(183): Illuminate\\Session\\Middleware\\StartSession->handle(Object(Illuminate\\Http\\Request), Object(Closure))
#20 /data/data/com.termux/files/home/Aplikasi-Management-Inventaris/vendor/laravel/framework/src/Illuminate/Cookie/Middleware/AddQueuedCookiesToResponse.php(37): Illuminate\\Pipeline\\Pipeline->Illuminate\\Pipeline\\{closure}(Object(Illuminate\\Http\\Request))
#21 /data/data/com.termux/files/home/Aplikasi-Management-Inventaris/vendor/laravel/framework/src/Illuminate/Pipeline/Pipeline.php(183): Illuminate\\Cookie\\Middleware\\AddQueuedCookiesToResponse->handle(Object(Illuminate\\Http\\Request), Object(Closure))
#22 /data/data/com.termux/files/home/Aplikasi-Management-Inventaris/vendor/laravel/framework/src/Illuminate/Cookie/Middleware/EncryptCookies.php(75): Illuminate\\Pipeline\\Pipeline->Illuminate\\Pipeline\\{closure}(Object(Illuminate\\Http\\Request))
#23 /data/data/com.termux/files/home/Aplikasi-Management-Inventaris/vendor/laravel/framework/src/Illuminate/Pipeline/Pipeline.php(183): Illuminate\\Cookie\\Middleware\\EncryptCookies->handle(Object(Illuminate\\Http\\Request), Object(Closure))
#24 /data/data/com.termux/files/home/Aplikasi-Management-Inventaris/vendor/laravel/framework/src/Illuminate/Pipeline/Pipeline.php(119): Illuminate\\Pipeline\\Pipeline->Illuminate\\Pipeline\\{closure}(Object(Illuminate\\Http\\Request))
#25 /data/data/com.termux/files/home/Aplikasi-Management-Inventaris/vendor/laravel/framework/src/Illuminate/Routing/Router.php(805): Illuminate\\Pipeline\\Pipeline->then(Object(Closure))
#26 /data/data/com.termux/files/home/Aplikasi-Management-Inventaris/vendor/laravel/framework/src/Illuminate/Routing/Router.php(784): Illuminate\\Routing\\Router->runRouteWithinStack(Object(Illuminate\\Routing\\Route), Object(Illuminate\\Http\\Request))
#27 /data/data/com.termux/files/home/Aplikasi-Management-Inventaris/vendor/laravel/framework/src/Illuminate/Routing/Router.php(748): Illuminate\\Routing\\Router->runRoute(Object(Illuminate\\Http\\Request), Object(Illuminate\\Routing\\Route))
#28 /data/data/com.termux/files/home/Aplikasi-Management-Inventaris/vendor/laravel/framework/src/Illuminate/Routing/Router.php(737): Illuminate\\Routing\\Router->dispatchToRoute(Object(Illuminate\\Http\\Request))
#29 /data/data/com.termux/files/home/Aplikasi-Management-Inventaris/vendor/laravel/framework/src/Illuminate/Foundation/Http/Kernel.php(200): Illuminate\\Routing\\Router->dispatch(Object(Illuminate\\Http\\Request))
#30 /data/data/com.termux/files/home/Aplikasi-Management-Inventaris/vendor/laravel/framework/src/Illuminate/Pipeline/Pipeline.php(144): Illuminate\\Foundation\\Http\\Kernel->Illuminate\\Foundation\\Http\\{closure}(Object(Illuminate\\Http\\Request))
#31 /data/data/com.termux/files/home/Aplikasi-Management-Inventaris/vendor/livewire/livewire/src/Features/SupportDisablingBackButtonCache/DisableBackButtonCacheMiddleware.php(19): Illuminate\\Pipeline\\Pipeline->Illuminate\\Pipeline\\{closure}(Object(Illuminate\\Http\\Request))
#32 /data/data/com.termux/files/home/Aplikasi-Management-Inventaris/vendor/laravel/framework/src/Illuminate/Pipeline/Pipeline.php(183): Livewire\\Features\\SupportDisablingBackButtonCache\\DisableBackButtonCacheMiddleware->handle(Object(Illuminate\\Http\\Request), Object(Closure))
#33 /data/data/com.termux/files/home/Aplikasi-Management-Inventaris/vendor/laravel/framework/src/Illuminate/Foundation/Http/Middleware/TransformsRequest.php(21): Illuminate\\Pipeline\\Pipeline->Illuminate\\Pipeline\\{closure}(Object(Illuminate\\Http\\Request))
#34 /data/data/com.termux/files/home/Aplikasi-Management-Inventaris/vendor/laravel/framework/src/Illuminate/Foundation/Http/Middleware/ConvertEmptyStringsToNull.php(31): Illuminate\\Foundation\\Http\\Middleware\\TransformsRequest->handle(Object(Illuminate\\Http\\Request), Object(Closure))
#35 /data/data/com.termux/files/home/Aplikasi-Management-Inventaris/vendor/laravel/framework/src/Illuminate/Pipeline/Pipeline.php(183): Illuminate\\Foundation\\Http\\Middleware\\ConvertEmptyStringsToNull->handle(Object(Illuminate\\Http\\Request), Object(Closure))
#36 /data/data/com.termux/files/home/Aplikasi-Management-Inventaris/vendor/laravel/framework/src/Illuminate/Foundation/Http/Middleware/TransformsRequest.php(21): Illuminate\\Pipeline\\Pipeline->Illuminate\\Pipeline\\{closure}(Object(Illuminate\\Http\\Request))
#37 /data/data/com.termux/files/home/Aplikasi-Management-Inventaris/vendor/laravel/framework/src/Illuminate/Foundation/Http/Middleware/TrimStrings.php(50): Illuminate\\Foundation\\Http\\Middleware\\TransformsRequest->handle(Object(Illuminate\\Http\\Request), Object(Closure))
#38 /data/data/com.termux/files/home/Aplikasi-Management-Inventaris/vendor/laravel/framework/src/Illuminate/Pipeline/Pipeline.php(183): Illuminate\\Foundation\\Http\\Middleware\\TrimStrings->handle(Object(Illuminate\\Http\\Request), Object(Closure))
#39 /data/data/com.termux/files/home/Aplikasi-Management-Inventaris/vendor/laravel/framework/src/Illuminate/Http/Middleware/ValidatePostSize.php(27): Illuminate\\Pipeline\\Pipeline->Illuminate\\Pipeline\\{closure}(Object(Illuminate\\Http\\Request))
#40 /data/data/com.termux/files/home/Aplikasi-Management-Inventaris/vendor/laravel/framework/src/Illuminate/Pipeline/Pipeline.php(183): Illuminate\\Http\\Middleware\\ValidatePostSize->handle(Object(Illuminate\\Http\\Request), Object(Closure))
#41 /data/data/com.termux/files/home/Aplikasi-Management-Inventaris/vendor/laravel/framework/src/Illuminate/Foundation/Http/Middleware/PreventRequestsDuringMaintenance.php(110): Illuminate\\Pipeline\\Pipeline->Illuminate\\Pipeline\\{closure}(Object(Illuminate\\Http\\Request))
#42 /data/data/com.termux/files/home/Aplikasi-Management-Inventaris/vendor/laravel/framework/src/Illuminate/Pipeline/Pipeline.php(183): Illuminate\\Foundation\\Http\\Middleware\\PreventRequestsDuringMaintenance->handle(Object(Illuminate\\Http\\Request), Object(Closure))
#43 /data/data/com.termux/files/home/Aplikasi-Management-Inventaris/vendor/laravel/framework/src/Illuminate/Http/Middleware/HandleCors.php(49): Illuminate\\Pipeline\\Pipeline->Illuminate\\Pipeline\\{closure}(Object(Illuminate\\Http\\Request))
#44 /data/data/com.termux/files/home/Aplikasi-Management-Inventaris/vendor/laravel/framework/src/Illuminate/Pipeline/Pipeline.php(183): Illuminate\\Http\\Middleware\\HandleCors->handle(Object(Illuminate\\Http\\Request), Object(Closure))
#45 /data/data/com.termux/files/home/Aplikasi-Management-Inventaris/vendor/laravel/framework/src/Illuminate/Http/Middleware/TrustProxies.php(57): Illuminate\\Pipeline\\Pipeline->Illuminate\\Pipeline\\{closure}(Object(Illuminate\\Http\\Request))
#46 /data/data/com.termux/files/home/Aplikasi-Management-Inventaris/vendor/laravel/framework/src/Illuminate/Pipeline/Pipeline.php(183): Illuminate\\Http\\Middleware\\TrustProxies->handle(Object(Illuminate\\Http\\Request), Object(Closure))
#47 /data/data/com.termux/files/home/Aplikasi-Management-Inventaris/vendor/laravel/framework/src/Illuminate/Pipeline/Pipeline.php(119): Illuminate\\Pipeline\\Pipeline->Illuminate\\Pipeline\\{closure}(Object(Illuminate\\Http\\Request))
#48 /data/data/com.termux/files/home/Aplikasi-Management-Inventaris/vendor/laravel/framework/src/Illuminate/Foundation/Http/Kernel.php(175): Illuminate\\Pipeline\\Pipeline->then(Object(Closure))
#49 /data/data/com.termux/files/home/Aplikasi-Management-Inventaris/vendor/laravel/framework/src/Illuminate/Foundation/Http/Kernel.php(144): Illuminate\\Foundation\\Http\\Kernel->sendRequestThroughRouter(Object(Illuminate\\Http\\Request))
#50 /data/data/com.termux/files/home/Aplikasi-Management-Inventaris/vendor/laravel/framework/src/Illuminate/Foundation/Application.php(1168): Illuminate\\Foundation\\Http\\Kernel->handle(Object(Illuminate\\Http\\Request))
#51 /data/data/com.termux/files/home/Aplikasi-Management-Inventaris/public/index.php(17): Illuminate\\Foundation\\Application->handleRequest(Object(Illuminate\\Http\\Request))
#52 /data/data/com.termux/files/home/Aplikasi-Management-Inventaris/vendor/laravel/framework/src/Illuminate/Foundation/resources/server.php(16): require_once('/data/data/com....')
#53 {main}
"} 
[2024-04-08 10:04:52] local.ERROR: Disk [public/profile/] does not have a configured driver. {"userId":2,"exception":"[object] (InvalidArgumentException(code: 0): Disk [public/profile/] does not have a configured driver. at /data/data/com.termux/files/home/Aplikasi-Management-Inventaris/vendor/laravel/framework/src/Illuminate/Filesystem/FilesystemManager.php:137)
[stacktrace]
#0 /data/data/com.termux/files/home/Aplikasi-Management-Inventaris/vendor/laravel/framework/src/Illuminate/Filesystem/FilesystemManager.php(120): Illuminate\\Filesystem\\FilesystemManager->resolve('public/profile/')
#1 /data/data/com.termux/files/home/Aplikasi-Management-Inventaris/vendor/laravel/framework/src/Illuminate/Filesystem/FilesystemManager.php(83): Illuminate\\Filesystem\\FilesystemManager->get('public/profile/')
#2 /data/data/com.termux/files/home/Aplikasi-Management-Inventaris/vendor/laravel/framework/src/Illuminate/Support/Facades/Facade.php(357): Illuminate\\Filesystem\\FilesystemManager->disk('public/profile/')
#3 /data/data/com.termux/files/home/Aplikasi-Management-Inventaris/app/Http/Controllers/ProfileController.php(23): Illuminate\\Support\\Facades\\Facade::__callStatic('disk', Array)
#4 /data/data/com.termux/files/home/Aplikasi-Management-Inventaris/vendor/laravel/framework/src/Illuminate/Routing/ControllerDispatcher.php(46): App\\Http\\Controllers\\ProfileController->update(Object(Illuminate\\Http\\Request))
#5 /data/data/com.termux/files/home/Aplikasi-Management-Inventaris/vendor/laravel/framework/src/Illuminate/Routing/Route.php(260): Illuminate\\Routing\\ControllerDispatcher->dispatch(Object(Illuminate\\Routing\\Route), Object(App\\Http\\Controllers\\ProfileController), 'update')
#6 /data/data/com.termux/files/home/Aplikasi-Management-Inventaris/vendor/laravel/framework/src/Illuminate/Routing/Route.php(206): Illuminate\\Routing\\Route->runController()
#7 /data/data/com.termux/files/home/Aplikasi-Management-Inventaris/vendor/laravel/framework/src/Illuminate/Routing/Router.php(806): Illuminate\\Routing\\Route->run()
#8 /data/data/com.termux/files/home/Aplikasi-Management-Inventaris/vendor/laravel/framework/src/Illuminate/Pipeline/Pipeline.php(144): Illuminate\\Routing\\Router->Illuminate\\Routing\\{closure}(Object(Illuminate\\Http\\Request))
#9 /data/data/com.termux/files/home/Aplikasi-Management-Inventaris/vendor/laravel/framework/src/Illuminate/Routing/Middleware/SubstituteBindings.php(50): Illuminate\\Pipeline\\Pipeline->Illuminate\\Pipeline\\{closure}(Object(Illuminate\\Http\\Request))
#10 /data/data/com.termux/files/home/Aplikasi-Management-Inventaris/vendor/laravel/framework/src/Illuminate/Pipeline/Pipeline.php(183): Illuminate\\Routing\\Middleware\\SubstituteBindings->handle(Object(Illuminate\\Http\\Request), Object(Closure))
#11 /data/data/com.termux/files/home/Aplikasi-Management-Inventaris/vendor/laravel/framework/src/Illuminate/Auth/Middleware/Authenticate.php(64): Illuminate\\Pipeline\\Pipeline->Illuminate\\Pipeline\\{closure}(Object(Illuminate\\Http\\Request))
#12 /data/data/com.termux/files/home/Aplikasi-Management-Inventaris/vendor/laravel/framework/src/Illuminate/Pipeline/Pipeline.php(183): Illuminate\\Auth\\Middleware\\Authenticate->handle(Object(Illuminate\\Http\\Request), Object(Closure))
#13 /data/data/com.termux/files/home/Aplikasi-Management-Inventaris/vendor/laravel/framework/src/Illuminate/Foundation/Http/Middleware/VerifyCsrfToken.php(88): Illuminate\\Pipeline\\Pipeline->Illuminate\\Pipeline\\{closure}(Object(Illuminate\\Http\\Request))
#14 /data/data/com.termux/files/home/Aplikasi-Management-Inventaris/vendor/laravel/framework/src/Illuminate/Pipeline/Pipeline.php(183): Illuminate\\Foundation\\Http\\Middleware\\VerifyCsrfToken->handle(Object(Illuminate\\Http\\Request), Object(Closure))
#15 /data/data/com.termux/files/home/Aplikasi-Management-Inventaris/vendor/laravel/framework/src/Illuminate/View/Middleware/ShareErrorsFromSession.php(49): Illuminate\\Pipeline\\Pipeline->Illuminate\\Pipeline\\{closure}(Object(Illuminate\\Http\\Request))
#16 /data/data/com.termux/files/home/Aplikasi-Management-Inventaris/vendor/laravel/framework/src/Illuminate/Pipeline/Pipeline.php(183): Illuminate\\View\\Middleware\\ShareErrorsFromSession->handle(Object(Illuminate\\Http\\Request), Object(Closure))
#17 /data/data/com.termux/files/home/Aplikasi-Management-Inventaris/vendor/laravel/framework/src/Illuminate/Session/Middleware/StartSession.php(121): Illuminate\\Pipeline\\Pipeline->Illuminate\\Pipeline\\{closure}(Object(Illuminate\\Http\\Request))
#18 /data/data/com.termux/files/home/Aplikasi-Management-Inventaris/vendor/laravel/framework/src/Illuminate/Session/Middleware/StartSession.php(64): Illuminate\\Session\\Middleware\\StartSession->handleStatefulRequest(Object(Illuminate\\Http\\Request), Object(Illuminate\\Session\\Store), Object(Closure))
#19 /data/data/com.termux/files/home/Aplikasi-Management-Inventaris/vendor/laravel/framework/src/Illuminate/Pipeline/Pipeline.php(183): Illuminate\\Session\\Middleware\\StartSession->handle(Object(Illuminate\\Http\\Request), Object(Closure))
#20 /data/data/com.termux/files/home/Aplikasi-Management-Inventaris/vendor/laravel/framework/src/Illuminate/Cookie/Middleware/AddQueuedCookiesToResponse.php(37): Illuminate\\Pipeline\\Pipeline->Illuminate\\Pipeline\\{closure}(Object(Illuminate\\Http\\Request))
#21 /data/data/com.termux/files/home/Aplikasi-Management-Inventaris/vendor/laravel/framework/src/Illuminate/Pipeline/Pipeline.php(183): Illuminate\\Cookie\\Middleware\\AddQueuedCookiesToResponse->handle(Object(Illuminate\\Http\\Request), Object(Closure))
#22 /data/data/com.termux/files/home/Aplikasi-Management-Inventaris/vendor/laravel/framework/src/Illuminate/Cookie/Middleware/EncryptCookies.php(75): Illuminate\\Pipeline\\Pipeline->Illuminate\\Pipeline\\{closure}(Object(Illuminate\\Http\\Request))
#23 /data/data/com.termux/files/home/Aplikasi-Management-Inventaris/vendor/laravel/framework/src/Illuminate/Pipeline/Pipeline.php(183): Illuminate\\Cookie\\Middleware\\EncryptCookies->handle(Object(Illuminate\\Http\\Request), Object(Closure))
#24 /data/data/com.termux/files/home/Aplikasi-Management-Inventaris/vendor/laravel/framework/src/Illuminate/Pipeline/Pipeline.php(119): Illuminate\\Pipeline\\Pipeline->Illuminate\\Pipeline\\{closure}(Object(Illuminate\\Http\\Request))
#25 /data/data/com.termux/files/home/Aplikasi-Management-Inventaris/vendor/laravel/framework/src/Illuminate/Routing/Router.php(805): Illuminate\\Pipeline\\Pipeline->then(Object(Closure))
#26 /data/data/com.termux/files/home/Aplikasi-Management-Inventaris/vendor/laravel/framework/src/Illuminate/Routing/Router.php(784): Illuminate\\Routing\\Router->runRouteWithinStack(Object(Illuminate\\Routing\\Route), Object(Illuminate\\Http\\Request))
#27 /data/data/com.termux/files/home/Aplikasi-Management-Inventaris/vendor/laravel/framework/src/Illuminate/Routing/Router.php(748): Illuminate\\Routing\\Router->runRoute(Object(Illuminate\\Http\\Request), Object(Illuminate\\Routing\\Route))
#28 /data/data/com.termux/files/home/Aplikasi-Management-Inventaris/vendor/laravel/framework/src/Illuminate/Routing/Router.php(737): Illuminate\\Routing\\Router->dispatchToRoute(Object(Illuminate\\Http\\Request))
#29 /data/data/com.termux/files/home/Aplikasi-Management-Inventaris/vendor/laravel/framework/src/Illuminate/Foundation/Http/Kernel.php(200): Illuminate\\Routing\\Router->dispatch(Object(Illuminate\\Http\\Request))
#30 /data/data/com.termux/files/home/Aplikasi-Management-Inventaris/vendor/laravel/framework/src/Illuminate/Pipeline/Pipeline.php(144): Illuminate\\Foundation\\Http\\Kernel->Illuminate\\Foundation\\Http\\{closure}(Object(Illuminate\\Http\\Request))
#31 /data/data/com.termux/files/home/Aplikasi-Management-Inventaris/vendor/livewire/livewire/src/Features/SupportDisablingBackButtonCache/DisableBackButtonCacheMiddleware.php(19): Illuminate\\Pipeline\\Pipeline->Illuminate\\Pipeline\\{closure}(Object(Illuminate\\Http\\Request))
#32 /data/data/com.termux/files/home/Aplikasi-Management-Inventaris/vendor/laravel/framework/src/Illuminate/Pipeline/Pipeline.php(183): Livewire\\Features\\SupportDisablingBackButtonCache\\DisableBackButtonCacheMiddleware->handle(Object(Illuminate\\Http\\Request), Object(Closure))
#33 /data/data/com.termux/files/home/Aplikasi-Management-Inventaris/vendor/laravel/framework/src/Illuminate/Foundation/Http/Middleware/TransformsRequest.php(21): Illuminate\\Pipeline\\Pipeline->Illuminate\\Pipeline\\{closure}(Object(Illuminate\\Http\\Request))
#34 /data/data/com.termux/files/home/Aplikasi-Management-Inventaris/vendor/laravel/framework/src/Illuminate/Foundation/Http/Middleware/ConvertEmptyStringsToNull.php(31): Illuminate\\Foundation\\Http\\Middleware\\TransformsRequest->handle(Object(Illuminate\\Http\\Request), Object(Closure))
#35 /data/data/com.termux/files/home/Aplikasi-Management-Inventaris/vendor/laravel/framework/src/Illuminate/Pipeline/Pipeline.php(183): Illuminate\\Foundation\\Http\\Middleware\\ConvertEmptyStringsToNull->handle(Object(Illuminate\\Http\\Request), Object(Closure))
#36 /data/data/com.termux/files/home/Aplikasi-Management-Inventaris/vendor/laravel/framework/src/Illuminate/Foundation/Http/Middleware/TransformsRequest.php(21): Illuminate\\Pipeline\\Pipeline->Illuminate\\Pipeline\\{closure}(Object(Illuminate\\Http\\Request))
#37 /data/data/com.termux/files/home/Aplikasi-Management-Inventaris/vendor/laravel/framework/src/Illuminate/Foundation/Http/Middleware/TrimStrings.php(50): Illuminate\\Foundation\\Http\\Middleware\\TransformsRequest->handle(Object(Illuminate\\Http\\Request), Object(Closure))
#38 /data/data/com.termux/files/home/Aplikasi-Management-Inventaris/vendor/laravel/framework/src/Illuminate/Pipeline/Pipeline.php(183): Illuminate\\Foundation\\Http\\Middleware\\TrimStrings->handle(Object(Illuminate\\Http\\Request), Object(Closure))
#39 /data/data/com.termux/files/home/Aplikasi-Management-Inventaris/vendor/laravel/framework/src/Illuminate/Http/Middleware/ValidatePostSize.php(27): Illuminate\\Pipeline\\Pipeline->Illuminate\\Pipeline\\{closure}(Object(Illuminate\\Http\\Request))
#40 /data/data/com.termux/files/home/Aplikasi-Management-Inventaris/vendor/laravel/framework/src/Illuminate/Pipeline/Pipeline.php(183): Illuminate\\Http\\Middleware\\ValidatePostSize->handle(Object(Illuminate\\Http\\Request), Object(Closure))
#41 /data/data/com.termux/files/home/Aplikasi-Management-Inventaris/vendor/laravel/framework/src/Illuminate/Foundation/Http/Middleware/PreventRequestsDuringMaintenance.php(110): Illuminate\\Pipeline\\Pipeline->Illuminate\\Pipeline\\{closure}(Object(Illuminate\\Http\\Request))
#42 /data/data/com.termux/files/home/Aplikasi-Management-Inventaris/vendor/laravel/framework/src/Illuminate/Pipeline/Pipeline.php(183): Illuminate\\Foundation\\Http\\Middleware\\PreventRequestsDuringMaintenance->handle(Object(Illuminate\\Http\\Request), Object(Closure))
#43 /data/data/com.termux/files/home/Aplikasi-Management-Inventaris/vendor/laravel/framework/src/Illuminate/Http/Middleware/HandleCors.php(49): Illuminate\\Pipeline\\Pipeline->Illuminate\\Pipeline\\{closure}(Object(Illuminate\\Http\\Request))
#44 /data/data/com.termux/files/home/Aplikasi-Management-Inventaris/vendor/laravel/framework/src/Illuminate/Pipeline/Pipeline.php(183): Illuminate\\Http\\Middleware\\HandleCors->handle(Object(Illuminate\\Http\\Request), Object(Closure))
#45 /data/data/com.termux/files/home/Aplikasi-Management-Inventaris/vendor/laravel/framework/src/Illuminate/Http/Middleware/TrustProxies.php(57): Illuminate\\Pipeline\\Pipeline->Illuminate\\Pipeline\\{closure}(Object(Illuminate\\Http\\Request))
#46 /data/data/com.termux/files/home/Aplikasi-Management-Inventaris/vendor/laravel/framework/src/Illuminate/Pipeline/Pipeline.php(183): Illuminate\\Http\\Middleware\\TrustProxies->handle(Object(Illuminate\\Http\\Request), Object(Closure))
#47 /data/data/com.termux/files/home/Aplikasi-Management-Inventaris/vendor/laravel/framework/src/Illuminate/Pipeline/Pipeline.php(119): Illuminate\\Pipeline\\Pipeline->Illuminate\\Pipeline\\{closure}(Object(Illuminate\\Http\\Request))
#48 /data/data/com.termux/files/home/Aplikasi-Management-Inventaris/vendor/laravel/framework/src/Illuminate/Foundation/Http/Kernel.php(175): Illuminate\\Pipeline\\Pipeline->then(Object(Closure))
#49 /data/data/com.termux/files/home/Aplikasi-Management-Inventaris/vendor/laravel/framework/src/Illuminate/Foundation/Http/Kernel.php(144): Illuminate\\Foundation\\Http\\Kernel->sendRequestThroughRouter(Object(Illuminate\\Http\\Request))
#50 /data/data/com.termux/files/home/Aplikasi-Management-Inventaris/vendor/laravel/framework/src/Illuminate/Foundation/Application.php(1168): Illuminate\\Foundation\\Http\\Kernel->handle(Object(Illuminate\\Http\\Request))
#51 /data/data/com.termux/files/home/Aplikasi-Management-Inventaris/public/index.php(17): Illuminate\\Foundation\\Application->handleRequest(Object(Illuminate\\Http\\Request))
#52 /data/data/com.termux/files/home/Aplikasi-Management-Inventaris/vendor/laravel/framework/src/Illuminate/Foundation/resources/server.php(16): require_once('/data/data/com....')
#53 {main}
"} 
[2024-04-08 10:04:54] local.ERROR: Disk [public/profile/] does not have a configured driver. {"userId":2,"exception":"[object] (InvalidArgumentException(code: 0): Disk [public/profile/] does not have a configured driver. at /data/data/com.termux/files/home/Aplikasi-Management-Inventaris/vendor/laravel/framework/src/Illuminate/Filesystem/FilesystemManager.php:137)
[stacktrace]
#0 /data/data/com.termux/files/home/Aplikasi-Management-Inventaris/vendor/laravel/framework/src/Illuminate/Filesystem/FilesystemManager.php(120): Illuminate\\Filesystem\\FilesystemManager->resolve('public/profile/')
#1 /data/data/com.termux/files/home/Aplikasi-Management-Inventaris/vendor/laravel/framework/src/Illuminate/Filesystem/FilesystemManager.php(83): Illuminate\\Filesystem\\FilesystemManager->get('public/profile/')
#2 /data/data/com.termux/files/home/Aplikasi-Management-Inventaris/vendor/laravel/framework/src/Illuminate/Support/Facades/Facade.php(357): Illuminate\\Filesystem\\FilesystemManager->disk('public/profile/')
#3 /data/data/com.termux/files/home/Aplikasi-Management-Inventaris/app/Http/Controllers/ProfileController.php(23): Illuminate\\Support\\Facades\\Facade::__callStatic('disk', Array)
#4 /data/data/com.termux/files/home/Aplikasi-Management-Inventaris/vendor/laravel/framework/src/Illuminate/Routing/ControllerDispatcher.php(46): App\\Http\\Controllers\\ProfileController->update(Object(Illuminate\\Http\\Request))
#5 /data/data/com.termux/files/home/Aplikasi-Management-Inventaris/vendor/laravel/framework/src/Illuminate/Routing/Route.php(260): Illuminate\\Routing\\ControllerDispatcher->dispatch(Object(Illuminate\\Routing\\Route), Object(App\\Http\\Controllers\\ProfileController), 'update')
#6 /data/data/com.termux/files/home/Aplikasi-Management-Inventaris/vendor/laravel/framework/src/Illuminate/Routing/Route.php(206): Illuminate\\Routing\\Route->runController()
#7 /data/data/com.termux/files/home/Aplikasi-Management-Inventaris/vendor/laravel/framework/src/Illuminate/Routing/Router.php(806): Illuminate\\Routing\\Route->run()
#8 /data/data/com.termux/files/home/Aplikasi-Management-Inventaris/vendor/laravel/framework/src/Illuminate/Pipeline/Pipeline.php(144): Illuminate\\Routing\\Router->Illuminate\\Routing\\{closure}(Object(Illuminate\\Http\\Request))
#9 /data/data/com.termux/files/home/Aplikasi-Management-Inventaris/vendor/laravel/framework/src/Illuminate/Routing/Middleware/SubstituteBindings.php(50): Illuminate\\Pipeline\\Pipeline->Illuminate\\Pipeline\\{closure}(Object(Illuminate\\Http\\Request))
#10 /data/data/com.termux/files/home/Aplikasi-Management-Inventaris/vendor/laravel/framework/src/Illuminate/Pipeline/Pipeline.php(183): Illuminate\\Routing\\Middleware\\SubstituteBindings->handle(Object(Illuminate\\Http\\Request), Object(Closure))
#11 /data/data/com.termux/files/home/Aplikasi-Management-Inventaris/vendor/laravel/framework/src/Illuminate/Auth/Middleware/Authenticate.php(64): Illuminate\\Pipeline\\Pipeline->Illuminate\\Pipeline\\{closure}(Object(Illuminate\\Http\\Request))
#12 /data/data/com.termux/files/home/Aplikasi-Management-Inventaris/vendor/laravel/framework/src/Illuminate/Pipeline/Pipeline.php(183): Illuminate\\Auth\\Middleware\\Authenticate->handle(Object(Illuminate\\Http\\Request), Object(Closure))
#13 /data/data/com.termux/files/home/Aplikasi-Management-Inventaris/vendor/laravel/framework/src/Illuminate/Foundation/Http/Middleware/VerifyCsrfToken.php(88): Illuminate\\Pipeline\\Pipeline->Illuminate\\Pipeline\\{closure}(Object(Illuminate\\Http\\Request))
#14 /data/data/com.termux/files/home/Aplikasi-Management-Inventaris/vendor/laravel/framework/src/Illuminate/Pipeline/Pipeline.php(183): Illuminate\\Foundation\\Http\\Middleware\\VerifyCsrfToken->handle(Object(Illuminate\\Http\\Request), Object(Closure))
#15 /data/data/com.termux/files/home/Aplikasi-Management-Inventaris/vendor/laravel/framework/src/Illuminate/View/Middleware/ShareErrorsFromSession.php(49): Illuminate\\Pipeline\\Pipeline->Illuminate\\Pipeline\\{closure}(Object(Illuminate\\Http\\Request))
#16 /data/data/com.termux/files/home/Aplikasi-Management-Inventaris/vendor/laravel/framework/src/Illuminate/Pipeline/Pipeline.php(183): Illuminate\\View\\Middleware\\ShareErrorsFromSession->handle(Object(Illuminate\\Http\\Request), Object(Closure))
#17 /data/data/com.termux/files/home/Aplikasi-Management-Inventaris/vendor/laravel/framework/src/Illuminate/Session/Middleware/StartSession.php(121): Illuminate\\Pipeline\\Pipeline->Illuminate\\Pipeline\\{closure}(Object(Illuminate\\Http\\Request))
#18 /data/data/com.termux/files/home/Aplikasi-Management-Inventaris/vendor/laravel/framework/src/Illuminate/Session/Middleware/StartSession.php(64): Illuminate\\Session\\Middleware\\StartSession->handleStatefulRequest(Object(Illuminate\\Http\\Request), Object(Illuminate\\Session\\Store), Object(Closure))
#19 /data/data/com.termux/files/home/Aplikasi-Management-Inventaris/vendor/laravel/framework/src/Illuminate/Pipeline/Pipeline.php(183): Illuminate\\Session\\Middleware\\StartSession->handle(Object(Illuminate\\Http\\Request), Object(Closure))
#20 /data/data/com.termux/files/home/Aplikasi-Management-Inventaris/vendor/laravel/framework/src/Illuminate/Cookie/Middleware/AddQueuedCookiesToResponse.php(37): Illuminate\\Pipeline\\Pipeline->Illuminate\\Pipeline\\{closure}(Object(Illuminate\\Http\\Request))
#21 /data/data/com.termux/files/home/Aplikasi-Management-Inventaris/vendor/laravel/framework/src/Illuminate/Pipeline/Pipeline.php(183): Illuminate\\Cookie\\Middleware\\AddQueuedCookiesToResponse->handle(Object(Illuminate\\Http\\Request), Object(Closure))
#22 /data/data/com.termux/files/home/Aplikasi-Management-Inventaris/vendor/laravel/framework/src/Illuminate/Cookie/Middleware/EncryptCookies.php(75): Illuminate\\Pipeline\\Pipeline->Illuminate\\Pipeline\\{closure}(Object(Illuminate\\Http\\Request))
#23 /data/data/com.termux/files/home/Aplikasi-Management-Inventaris/vendor/laravel/framework/src/Illuminate/Pipeline/Pipeline.php(183): Illuminate\\Cookie\\Middleware\\EncryptCookies->handle(Object(Illuminate\\Http\\Request), Object(Closure))
#24 /data/data/com.termux/files/home/Aplikasi-Management-Inventaris/vendor/laravel/framework/src/Illuminate/Pipeline/Pipeline.php(119): Illuminate\\Pipeline\\Pipeline->Illuminate\\Pipeline\\{closure}(Object(Illuminate\\Http\\Request))
#25 /data/data/com.termux/files/home/Aplikasi-Management-Inventaris/vendor/laravel/framework/src/Illuminate/Routing/Router.php(805): Illuminate\\Pipeline\\Pipeline->then(Object(Closure))
#26 /data/data/com.termux/files/home/Aplikasi-Management-Inventaris/vendor/laravel/framework/src/Illuminate/Routing/Router.php(784): Illuminate\\Routing\\Router->runRouteWithinStack(Object(Illuminate\\Routing\\Route), Object(Illuminate\\Http\\Request))
#27 /data/data/com.termux/files/home/Aplikasi-Management-Inventaris/vendor/laravel/framework/src/Illuminate/Routing/Router.php(748): Illuminate\\Routing\\Router->runRoute(Object(Illuminate\\Http\\Request), Object(Illuminate\\Routing\\Route))
#28 /data/data/com.termux/files/home/Aplikasi-Management-Inventaris/vendor/laravel/framework/src/Illuminate/Routing/Router.php(737): Illuminate\\Routing\\Router->dispatchToRoute(Object(Illuminate\\Http\\Request))
#29 /data/data/com.termux/files/home/Aplikasi-Management-Inventaris/vendor/laravel/framework/src/Illuminate/Foundation/Http/Kernel.php(200): Illuminate\\Routing\\Router->dispatch(Object(Illuminate\\Http\\Request))
#30 /data/data/com.termux/files/home/Aplikasi-Management-Inventaris/vendor/laravel/framework/src/Illuminate/Pipeline/Pipeline.php(144): Illuminate\\Foundation\\Http\\Kernel->Illuminate\\Foundation\\Http\\{closure}(Object(Illuminate\\Http\\Request))
#31 /data/data/com.termux/files/home/Aplikasi-Management-Inventaris/vendor/livewire/livewire/src/Features/SupportDisablingBackButtonCache/DisableBackButtonCacheMiddleware.php(19): Illuminate\\Pipeline\\Pipeline->Illuminate\\Pipeline\\{closure}(Object(Illuminate\\Http\\Request))
#32 /data/data/com.termux/files/home/Aplikasi-Management-Inventaris/vendor/laravel/framework/src/Illuminate/Pipeline/Pipeline.php(183): Livewire\\Features\\SupportDisablingBackButtonCache\\DisableBackButtonCacheMiddleware->handle(Object(Illuminate\\Http\\Request), Object(Closure))
#33 /data/data/com.termux/files/home/Aplikasi-Management-Inventaris/vendor/laravel/framework/src/Illuminate/Foundation/Http/Middleware/TransformsRequest.php(21): Illuminate\\Pipeline\\Pipeline->Illuminate\\Pipeline\\{closure}(Object(Illuminate\\Http\\Request))
#34 /data/data/com.termux/files/home/Aplikasi-Management-Inventaris/vendor/laravel/framework/src/Illuminate/Foundation/Http/Middleware/ConvertEmptyStringsToNull.php(31): Illuminate\\Foundation\\Http\\Middleware\\TransformsRequest->handle(Object(Illuminate\\Http\\Request), Object(Closure))
#35 /data/data/com.termux/files/home/Aplikasi-Management-Inventaris/vendor/laravel/framework/src/Illuminate/Pipeline/Pipeline.php(183): Illuminate\\Foundation\\Http\\Middleware\\ConvertEmptyStringsToNull->handle(Object(Illuminate\\Http\\Request), Object(Closure))
#36 /data/data/com.termux/files/home/Aplikasi-Management-Inventaris/vendor/laravel/framework/src/Illuminate/Foundation/Http/Middleware/TransformsRequest.php(21): Illuminate\\Pipeline\\Pipeline->Illuminate\\Pipeline\\{closure}(Object(Illuminate\\Http\\Request))
#37 /data/data/com.termux/files/home/Aplikasi-Management-Inventaris/vendor/laravel/framework/src/Illuminate/Foundation/Http/Middleware/TrimStrings.php(50): Illuminate\\Foundation\\Http\\Middleware\\TransformsRequest->handle(Object(Illuminate\\Http\\Request), Object(Closure))
#38 /data/data/com.termux/files/home/Aplikasi-Management-Inventaris/vendor/laravel/framework/src/Illuminate/Pipeline/Pipeline.php(183): Illuminate\\Foundation\\Http\\Middleware\\TrimStrings->handle(Object(Illuminate\\Http\\Request), Object(Closure))
#39 /data/data/com.termux/files/home/Aplikasi-Management-Inventaris/vendor/laravel/framework/src/Illuminate/Http/Middleware/ValidatePostSize.php(27): Illuminate\\Pipeline\\Pipeline->Illuminate\\Pipeline\\{closure}(Object(Illuminate\\Http\\Request))
#40 /data/data/com.termux/files/home/Aplikasi-Management-Inventaris/vendor/laravel/framework/src/Illuminate/Pipeline/Pipeline.php(183): Illuminate\\Http\\Middleware\\ValidatePostSize->handle(Object(Illuminate\\Http\\Request), Object(Closure))
#41 /data/data/com.termux/files/home/Aplikasi-Management-Inventaris/vendor/laravel/framework/src/Illuminate/Foundation/Http/Middleware/PreventRequestsDuringMaintenance.php(110): Illuminate\\Pipeline\\Pipeline->Illuminate\\Pipeline\\{closure}(Object(Illuminate\\Http\\Request))
#42 /data/data/com.termux/files/home/Aplikasi-Management-Inventaris/vendor/laravel/framework/src/Illuminate/Pipeline/Pipeline.php(183): Illuminate\\Foundation\\Http\\Middleware\\PreventRequestsDuringMaintenance->handle(Object(Illuminate\\Http\\Request), Object(Closure))
#43 /data/data/com.termux/files/home/Aplikasi-Management-Inventaris/vendor/laravel/framework/src/Illuminate/Http/Middleware/HandleCors.php(49): Illuminate\\Pipeline\\Pipeline->Illuminate\\Pipeline\\{closure}(Object(Illuminate\\Http\\Request))
#44 /data/data/com.termux/files/home/Aplikasi-Management-Inventaris/vendor/laravel/framework/src/Illuminate/Pipeline/Pipeline.php(183): Illuminate\\Http\\Middleware\\HandleCors->handle(Object(Illuminate\\Http\\Request), Object(Closure))
#45 /data/data/com.termux/files/home/Aplikasi-Management-Inventaris/vendor/laravel/framework/src/Illuminate/Http/Middleware/TrustProxies.php(57): Illuminate\\Pipeline\\Pipeline->Illuminate\\Pipeline\\{closure}(Object(Illuminate\\Http\\Request))
#46 /data/data/com.termux/files/home/Aplikasi-Management-Inventaris/vendor/laravel/framework/src/Illuminate/Pipeline/Pipeline.php(183): Illuminate\\Http\\Middleware\\TrustProxies->handle(Object(Illuminate\\Http\\Request), Object(Closure))
#47 /data/data/com.termux/files/home/Aplikasi-Management-Inventaris/vendor/laravel/framework/src/Illuminate/Pipeline/Pipeline.php(119): Illuminate\\Pipeline\\Pipeline->Illuminate\\Pipeline\\{closure}(Object(Illuminate\\Http\\Request))
#48 /data/data/com.termux/files/home/Aplikasi-Management-Inventaris/vendor/laravel/framework/src/Illuminate/Foundation/Http/Kernel.php(175): Illuminate\\Pipeline\\Pipeline->then(Object(Closure))
#49 /data/data/com.termux/files/home/Aplikasi-Management-Inventaris/vendor/laravel/framework/src/Illuminate/Foundation/Http/Kernel.php(144): Illuminate\\Foundation\\Http\\Kernel->sendRequestThroughRouter(Object(Illuminate\\Http\\Request))
#50 /data/data/com.termux/files/home/Aplikasi-Management-Inventaris/vendor/laravel/framework/src/Illuminate/Foundation/Application.php(1168): Illuminate\\Foundation\\Http\\Kernel->handle(Object(Illuminate\\Http\\Request))
#51 /data/data/com.termux/files/home/Aplikasi-Management-Inventaris/public/index.php(17): Illuminate\\Foundation\\Application->handleRequest(Object(Illuminate\\Http\\Request))
#52 /data/data/com.termux/files/home/Aplikasi-Management-Inventaris/vendor/laravel/framework/src/Illuminate/Foundation/resources/server.php(16): require_once('/data/data/com....')
#53 {main}
"} 
[2024-04-08 10:06:11] local.ERROR: Disk [public/profile] does not have a configured driver. {"userId":2,"exception":"[object] (InvalidArgumentException(code: 0): Disk [public/profile] does not have a configured driver. at /data/data/com.termux/files/home/Aplikasi-Management-Inventaris/vendor/laravel/framework/src/Illuminate/Filesystem/FilesystemManager.php:137)
[stacktrace]
#0 /data/data/com.termux/files/home/Aplikasi-Management-Inventaris/vendor/laravel/framework/src/Illuminate/Filesystem/FilesystemManager.php(120): Illuminate\\Filesystem\\FilesystemManager->resolve('public/profile')
#1 /data/data/com.termux/files/home/Aplikasi-Management-Inventaris/vendor/laravel/framework/src/Illuminate/Filesystem/FilesystemManager.php(83): Illuminate\\Filesystem\\FilesystemManager->get('public/profile')
#2 /data/data/com.termux/files/home/Aplikasi-Management-Inventaris/vendor/laravel/framework/src/Illuminate/Support/Facades/Facade.php(357): Illuminate\\Filesystem\\FilesystemManager->disk('public/profile')
#3 /data/data/com.termux/files/home/Aplikasi-Management-Inventaris/app/Http/Controllers/ProfileController.php(23): Illuminate\\Support\\Facades\\Facade::__callStatic('disk', Array)
#4 /data/data/com.termux/files/home/Aplikasi-Management-Inventaris/vendor/laravel/framework/src/Illuminate/Routing/ControllerDispatcher.php(46): App\\Http\\Controllers\\ProfileController->update(Object(Illuminate\\Http\\Request))
#5 /data/data/com.termux/files/home/Aplikasi-Management-Inventaris/vendor/laravel/framework/src/Illuminate/Routing/Route.php(260): Illuminate\\Routing\\ControllerDispatcher->dispatch(Object(Illuminate\\Routing\\Route), Object(App\\Http\\Controllers\\ProfileController), 'update')
#6 /data/data/com.termux/files/home/Aplikasi-Management-Inventaris/vendor/laravel/framework/src/Illuminate/Routing/Route.php(206): Illuminate\\Routing\\Route->runController()
#7 /data/data/com.termux/files/home/Aplikasi-Management-Inventaris/vendor/laravel/framework/src/Illuminate/Routing/Router.php(806): Illuminate\\Routing\\Route->run()
#8 /data/data/com.termux/files/home/Aplikasi-Management-Inventaris/vendor/laravel/framework/src/Illuminate/Pipeline/Pipeline.php(144): Illuminate\\Routing\\Router->Illuminate\\Routing\\{closure}(Object(Illuminate\\Http\\Request))
#9 /data/data/com.termux/files/home/Aplikasi-Management-Inventaris/vendor/laravel/framework/src/Illuminate/Routing/Middleware/SubstituteBindings.php(50): Illuminate\\Pipeline\\Pipeline->Illuminate\\Pipeline\\{closure}(Object(Illuminate\\Http\\Request))
#10 /data/data/com.termux/files/home/Aplikasi-Management-Inventaris/vendor/laravel/framework/src/Illuminate/Pipeline/Pipeline.php(183): Illuminate\\Routing\\Middleware\\SubstituteBindings->handle(Object(Illuminate\\Http\\Request), Object(Closure))
#11 /data/data/com.termux/files/home/Aplikasi-Management-Inventaris/vendor/laravel/framework/src/Illuminate/Auth/Middleware/Authenticate.php(64): Illuminate\\Pipeline\\Pipeline->Illuminate\\Pipeline\\{closure}(Object(Illuminate\\Http\\Request))
#12 /data/data/com.termux/files/home/Aplikasi-Management-Inventaris/vendor/laravel/framework/src/Illuminate/Pipeline/Pipeline.php(183): Illuminate\\Auth\\Middleware\\Authenticate->handle(Object(Illuminate\\Http\\Request), Object(Closure))
#13 /data/data/com.termux/files/home/Aplikasi-Management-Inventaris/vendor/laravel/framework/src/Illuminate/Foundation/Http/Middleware/VerifyCsrfToken.php(88): Illuminate\\Pipeline\\Pipeline->Illuminate\\Pipeline\\{closure}(Object(Illuminate\\Http\\Request))
#14 /data/data/com.termux/files/home/Aplikasi-Management-Inventaris/vendor/laravel/framework/src/Illuminate/Pipeline/Pipeline.php(183): Illuminate\\Foundation\\Http\\Middleware\\VerifyCsrfToken->handle(Object(Illuminate\\Http\\Request), Object(Closure))
#15 /data/data/com.termux/files/home/Aplikasi-Management-Inventaris/vendor/laravel/framework/src/Illuminate/View/Middleware/ShareErrorsFromSession.php(49): Illuminate\\Pipeline\\Pipeline->Illuminate\\Pipeline\\{closure}(Object(Illuminate\\Http\\Request))
#16 /data/data/com.termux/files/home/Aplikasi-Management-Inventaris/vendor/laravel/framework/src/Illuminate/Pipeline/Pipeline.php(183): Illuminate\\View\\Middleware\\ShareErrorsFromSession->handle(Object(Illuminate\\Http\\Request), Object(Closure))
#17 /data/data/com.termux/files/home/Aplikasi-Management-Inventaris/vendor/laravel/framework/src/Illuminate/Session/Middleware/StartSession.php(121): Illuminate\\Pipeline\\Pipeline->Illuminate\\Pipeline\\{closure}(Object(Illuminate\\Http\\Request))
#18 /data/data/com.termux/files/home/Aplikasi-Management-Inventaris/vendor/laravel/framework/src/Illuminate/Session/Middleware/StartSession.php(64): Illuminate\\Session\\Middleware\\StartSession->handleStatefulRequest(Object(Illuminate\\Http\\Request), Object(Illuminate\\Session\\Store), Object(Closure))
#19 /data/data/com.termux/files/home/Aplikasi-Management-Inventaris/vendor/laravel/framework/src/Illuminate/Pipeline/Pipeline.php(183): Illuminate\\Session\\Middleware\\StartSession->handle(Object(Illuminate\\Http\\Request), Object(Closure))
#20 /data/data/com.termux/files/home/Aplikasi-Management-Inventaris/vendor/laravel/framework/src/Illuminate/Cookie/Middleware/AddQueuedCookiesToResponse.php(37): Illuminate\\Pipeline\\Pipeline->Illuminate\\Pipeline\\{closure}(Object(Illuminate\\Http\\Request))
#21 /data/data/com.termux/files/home/Aplikasi-Management-Inventaris/vendor/laravel/framework/src/Illuminate/Pipeline/Pipeline.php(183): Illuminate\\Cookie\\Middleware\\AddQueuedCookiesToResponse->handle(Object(Illuminate\\Http\\Request), Object(Closure))
#22 /data/data/com.termux/files/home/Aplikasi-Management-Inventaris/vendor/laravel/framework/src/Illuminate/Cookie/Middleware/EncryptCookies.php(75): Illuminate\\Pipeline\\Pipeline->Illuminate\\Pipeline\\{closure}(Object(Illuminate\\Http\\Request))
#23 /data/data/com.termux/files/home/Aplikasi-Management-Inventaris/vendor/laravel/framework/src/Illuminate/Pipeline/Pipeline.php(183): Illuminate\\Cookie\\Middleware\\EncryptCookies->handle(Object(Illuminate\\Http\\Request), Object(Closure))
#24 /data/data/com.termux/files/home/Aplikasi-Management-Inventaris/vendor/laravel/framework/src/Illuminate/Pipeline/Pipeline.php(119): Illuminate\\Pipeline\\Pipeline->Illuminate\\Pipeline\\{closure}(Object(Illuminate\\Http\\Request))
#25 /data/data/com.termux/files/home/Aplikasi-Management-Inventaris/vendor/laravel/framework/src/Illuminate/Routing/Router.php(805): Illuminate\\Pipeline\\Pipeline->then(Object(Closure))
#26 /data/data/com.termux/files/home/Aplikasi-Management-Inventaris/vendor/laravel/framework/src/Illuminate/Routing/Router.php(784): Illuminate\\Routing\\Router->runRouteWithinStack(Object(Illuminate\\Routing\\Route), Object(Illuminate\\Http\\Request))
#27 /data/data/com.termux/files/home/Aplikasi-Management-Inventaris/vendor/laravel/framework/src/Illuminate/Routing/Router.php(748): Illuminate\\Routing\\Router->runRoute(Object(Illuminate\\Http\\Request), Object(Illuminate\\Routing\\Route))
#28 /data/data/com.termux/files/home/Aplikasi-Management-Inventaris/vendor/laravel/framework/src/Illuminate/Routing/Router.php(737): Illuminate\\Routing\\Router->dispatchToRoute(Object(Illuminate\\Http\\Request))
#29 /data/data/com.termux/files/home/Aplikasi-Management-Inventaris/vendor/laravel/framework/src/Illuminate/Foundation/Http/Kernel.php(200): Illuminate\\Routing\\Router->dispatch(Object(Illuminate\\Http\\Request))
#30 /data/data/com.termux/files/home/Aplikasi-Management-Inventaris/vendor/laravel/framework/src/Illuminate/Pipeline/Pipeline.php(144): Illuminate\\Foundation\\Http\\Kernel->Illuminate\\Foundation\\Http\\{closure}(Object(Illuminate\\Http\\Request))
#31 /data/data/com.termux/files/home/Aplikasi-Management-Inventaris/vendor/livewire/livewire/src/Features/SupportDisablingBackButtonCache/DisableBackButtonCacheMiddleware.php(19): Illuminate\\Pipeline\\Pipeline->Illuminate\\Pipeline\\{closure}(Object(Illuminate\\Http\\Request))
#32 /data/data/com.termux/files/home/Aplikasi-Management-Inventaris/vendor/laravel/framework/src/Illuminate/Pipeline/Pipeline.php(183): Livewire\\Features\\SupportDisablingBackButtonCache\\DisableBackButtonCacheMiddleware->handle(Object(Illuminate\\Http\\Request), Object(Closure))
#33 /data/data/com.termux/files/home/Aplikasi-Management-Inventaris/vendor/laravel/framework/src/Illuminate/Foundation/Http/Middleware/TransformsRequest.php(21): Illuminate\\Pipeline\\Pipeline->Illuminate\\Pipeline\\{closure}(Object(Illuminate\\Http\\Request))
#34 /data/data/com.termux/files/home/Aplikasi-Management-Inventaris/vendor/laravel/framework/src/Illuminate/Foundation/Http/Middleware/ConvertEmptyStringsToNull.php(31): Illuminate\\Foundation\\Http\\Middleware\\TransformsRequest->handle(Object(Illuminate\\Http\\Request), Object(Closure))
#35 /data/data/com.termux/files/home/Aplikasi-Management-Inventaris/vendor/laravel/framework/src/Illuminate/Pipeline/Pipeline.php(183): Illuminate\\Foundation\\Http\\Middleware\\ConvertEmptyStringsToNull->handle(Object(Illuminate\\Http\\Request), Object(Closure))
#36 /data/data/com.termux/files/home/Aplikasi-Management-Inventaris/vendor/laravel/framework/src/Illuminate/Foundation/Http/Middleware/TransformsRequest.php(21): Illuminate\\Pipeline\\Pipeline->Illuminate\\Pipeline\\{closure}(Object(Illuminate\\Http\\Request))
#37 /data/data/com.termux/files/home/Aplikasi-Management-Inventaris/vendor/laravel/framework/src/Illuminate/Foundation/Http/Middleware/TrimStrings.php(50): Illuminate\\Foundation\\Http\\Middleware\\TransformsRequest->handle(Object(Illuminate\\Http\\Request), Object(Closure))
#38 /data/data/com.termux/files/home/Aplikasi-Management-Inventaris/vendor/laravel/framework/src/Illuminate/Pipeline/Pipeline.php(183): Illuminate\\Foundation\\Http\\Middleware\\TrimStrings->handle(Object(Illuminate\\Http\\Request), Object(Closure))
#39 /data/data/com.termux/files/home/Aplikasi-Management-Inventaris/vendor/laravel/framework/src/Illuminate/Http/Middleware/ValidatePostSize.php(27): Illuminate\\Pipeline\\Pipeline->Illuminate\\Pipeline\\{closure}(Object(Illuminate\\Http\\Request))
#40 /data/data/com.termux/files/home/Aplikasi-Management-Inventaris/vendor/laravel/framework/src/Illuminate/Pipeline/Pipeline.php(183): Illuminate\\Http\\Middleware\\ValidatePostSize->handle(Object(Illuminate\\Http\\Request), Object(Closure))
#41 /data/data/com.termux/files/home/Aplikasi-Management-Inventaris/vendor/laravel/framework/src/Illuminate/Foundation/Http/Middleware/PreventRequestsDuringMaintenance.php(110): Illuminate\\Pipeline\\Pipeline->Illuminate\\Pipeline\\{closure}(Object(Illuminate\\Http\\Request))
#42 /data/data/com.termux/files/home/Aplikasi-Management-Inventaris/vendor/laravel/framework/src/Illuminate/Pipeline/Pipeline.php(183): Illuminate\\Foundation\\Http\\Middleware\\PreventRequestsDuringMaintenance->handle(Object(Illuminate\\Http\\Request), Object(Closure))
#43 /data/data/com.termux/files/home/Aplikasi-Management-Inventaris/vendor/laravel/framework/src/Illuminate/Http/Middleware/HandleCors.php(49): Illuminate\\Pipeline\\Pipeline->Illuminate\\Pipeline\\{closure}(Object(Illuminate\\Http\\Request))
#44 /data/data/com.termux/files/home/Aplikasi-Management-Inventaris/vendor/laravel/framework/src/Illuminate/Pipeline/Pipeline.php(183): Illuminate\\Http\\Middleware\\HandleCors->handle(Object(Illuminate\\Http\\Request), Object(Closure))
#45 /data/data/com.termux/files/home/Aplikasi-Management-Inventaris/vendor/laravel/framework/src/Illuminate/Http/Middleware/TrustProxies.php(57): Illuminate\\Pipeline\\Pipeline->Illuminate\\Pipeline\\{closure}(Object(Illuminate\\Http\\Request))
#46 /data/data/com.termux/files/home/Aplikasi-Management-Inventaris/vendor/laravel/framework/src/Illuminate/Pipeline/Pipeline.php(183): Illuminate\\Http\\Middleware\\TrustProxies->handle(Object(Illuminate\\Http\\Request), Object(Closure))
#47 /data/data/com.termux/files/home/Aplikasi-Management-Inventaris/vendor/laravel/framework/src/Illuminate/Pipeline/Pipeline.php(119): Illuminate\\Pipeline\\Pipeline->Illuminate\\Pipeline\\{closure}(Object(Illuminate\\Http\\Request))
#48 /data/data/com.termux/files/home/Aplikasi-Management-Inventaris/vendor/laravel/framework/src/Illuminate/Foundation/Http/Kernel.php(175): Illuminate\\Pipeline\\Pipeline->then(Object(Closure))
#49 /data/data/com.termux/files/home/Aplikasi-Management-Inventaris/vendor/laravel/framework/src/Illuminate/Foundation/Http/Kernel.php(144): Illuminate\\Foundation\\Http\\Kernel->sendRequestThroughRouter(Object(Illuminate\\Http\\Request))
#50 /data/data/com.termux/files/home/Aplikasi-Management-Inventaris/vendor/laravel/framework/src/Illuminate/Foundation/Application.php(1168): Illuminate\\Foundation\\Http\\Kernel->handle(Object(Illuminate\\Http\\Request))
#51 /data/data/com.termux/files/home/Aplikasi-Management-Inventaris/public/index.php(17): Illuminate\\Foundation\\Application->handleRequest(Object(Illuminate\\Http\\Request))
#52 /data/data/com.termux/files/home/Aplikasi-Management-Inventaris/vendor/laravel/framework/src/Illuminate/Foundation/resources/server.php(16): require_once('/data/data/com....')
#53 {main}
"} 
[2024-04-08 10:07:22] local.ERROR: Disk [public/profile] does not have a configured driver. {"userId":2,"exception":"[object] (InvalidArgumentException(code: 0): Disk [public/profile] does not have a configured driver. at /data/data/com.termux/files/home/Aplikasi-Management-Inventaris/vendor/laravel/framework/src/Illuminate/Filesystem/FilesystemManager.php:137)
[stacktrace]
#0 /data/data/com.termux/files/home/Aplikasi-Management-Inventaris/vendor/laravel/framework/src/Illuminate/Filesystem/FilesystemManager.php(120): Illuminate\\Filesystem\\FilesystemManager->resolve('public/profile')
#1 /data/data/com.termux/files/home/Aplikasi-Management-Inventaris/vendor/laravel/framework/src/Illuminate/Filesystem/FilesystemManager.php(83): Illuminate\\Filesystem\\FilesystemManager->get('public/profile')
#2 /data/data/com.termux/files/home/Aplikasi-Management-Inventaris/vendor/laravel/framework/src/Illuminate/Support/Facades/Facade.php(357): Illuminate\\Filesystem\\FilesystemManager->disk('public/profile')
#3 /data/data/com.termux/files/home/Aplikasi-Management-Inventaris/app/Http/Controllers/ProfileController.php(23): Illuminate\\Support\\Facades\\Facade::__callStatic('disk', Array)
#4 /data/data/com.termux/files/home/Aplikasi-Management-Inventaris/vendor/laravel/framework/src/Illuminate/Routing/ControllerDispatcher.php(46): App\\Http\\Controllers\\ProfileController->update(Object(Illuminate\\Http\\Request))
#5 /data/data/com.termux/files/home/Aplikasi-Management-Inventaris/vendor/laravel/framework/src/Illuminate/Routing/Route.php(260): Illuminate\\Routing\\ControllerDispatcher->dispatch(Object(Illuminate\\Routing\\Route), Object(App\\Http\\Controllers\\ProfileController), 'update')
#6 /data/data/com.termux/files/home/Aplikasi-Management-Inventaris/vendor/laravel/framework/src/Illuminate/Routing/Route.php(206): Illuminate\\Routing\\Route->runController()
#7 /data/data/com.termux/files/home/Aplikasi-Management-Inventaris/vendor/laravel/framework/src/Illuminate/Routing/Router.php(806): Illuminate\\Routing\\Route->run()
#8 /data/data/com.termux/files/home/Aplikasi-Management-Inventaris/vendor/laravel/framework/src/Illuminate/Pipeline/Pipeline.php(144): Illuminate\\Routing\\Router->Illuminate\\Routing\\{closure}(Object(Illuminate\\Http\\Request))
#9 /data/data/com.termux/files/home/Aplikasi-Management-Inventaris/vendor/laravel/framework/src/Illuminate/Routing/Middleware/SubstituteBindings.php(50): Illuminate\\Pipeline\\Pipeline->Illuminate\\Pipeline\\{closure}(Object(Illuminate\\Http\\Request))
#10 /data/data/com.termux/files/home/Aplikasi-Management-Inventaris/vendor/laravel/framework/src/Illuminate/Pipeline/Pipeline.php(183): Illuminate\\Routing\\Middleware\\SubstituteBindings->handle(Object(Illuminate\\Http\\Request), Object(Closure))
#11 /data/data/com.termux/files/home/Aplikasi-Management-Inventaris/vendor/laravel/framework/src/Illuminate/Auth/Middleware/Authenticate.php(64): Illuminate\\Pipeline\\Pipeline->Illuminate\\Pipeline\\{closure}(Object(Illuminate\\Http\\Request))
#12 /data/data/com.termux/files/home/Aplikasi-Management-Inventaris/vendor/laravel/framework/src/Illuminate/Pipeline/Pipeline.php(183): Illuminate\\Auth\\Middleware\\Authenticate->handle(Object(Illuminate\\Http\\Request), Object(Closure))
#13 /data/data/com.termux/files/home/Aplikasi-Management-Inventaris/vendor/laravel/framework/src/Illuminate/Foundation/Http/Middleware/VerifyCsrfToken.php(88): Illuminate\\Pipeline\\Pipeline->Illuminate\\Pipeline\\{closure}(Object(Illuminate\\Http\\Request))
#14 /data/data/com.termux/files/home/Aplikasi-Management-Inventaris/vendor/laravel/framework/src/Illuminate/Pipeline/Pipeline.php(183): Illuminate\\Foundation\\Http\\Middleware\\VerifyCsrfToken->handle(Object(Illuminate\\Http\\Request), Object(Closure))
#15 /data/data/com.termux/files/home/Aplikasi-Management-Inventaris/vendor/laravel/framework/src/Illuminate/View/Middleware/ShareErrorsFromSession.php(49): Illuminate\\Pipeline\\Pipeline->Illuminate\\Pipeline\\{closure}(Object(Illuminate\\Http\\Request))
#16 /data/data/com.termux/files/home/Aplikasi-Management-Inventaris/vendor/laravel/framework/src/Illuminate/Pipeline/Pipeline.php(183): Illuminate\\View\\Middleware\\ShareErrorsFromSession->handle(Object(Illuminate\\Http\\Request), Object(Closure))
#17 /data/data/com.termux/files/home/Aplikasi-Management-Inventaris/vendor/laravel/framework/src/Illuminate/Session/Middleware/StartSession.php(121): Illuminate\\Pipeline\\Pipeline->Illuminate\\Pipeline\\{closure}(Object(Illuminate\\Http\\Request))
#18 /data/data/com.termux/files/home/Aplikasi-Management-Inventaris/vendor/laravel/framework/src/Illuminate/Session/Middleware/StartSession.php(64): Illuminate\\Session\\Middleware\\StartSession->handleStatefulRequest(Object(Illuminate\\Http\\Request), Object(Illuminate\\Session\\Store), Object(Closure))
#19 /data/data/com.termux/files/home/Aplikasi-Management-Inventaris/vendor/laravel/framework/src/Illuminate/Pipeline/Pipeline.php(183): Illuminate\\Session\\Middleware\\StartSession->handle(Object(Illuminate\\Http\\Request), Object(Closure))
#20 /data/data/com.termux/files/home/Aplikasi-Management-Inventaris/vendor/laravel/framework/src/Illuminate/Cookie/Middleware/AddQueuedCookiesToResponse.php(37): Illuminate\\Pipeline\\Pipeline->Illuminate\\Pipeline\\{closure}(Object(Illuminate\\Http\\Request))
#21 /data/data/com.termux/files/home/Aplikasi-Management-Inventaris/vendor/laravel/framework/src/Illuminate/Pipeline/Pipeline.php(183): Illuminate\\Cookie\\Middleware\\AddQueuedCookiesToResponse->handle(Object(Illuminate\\Http\\Request), Object(Closure))
#22 /data/data/com.termux/files/home/Aplikasi-Management-Inventaris/vendor/laravel/framework/src/Illuminate/Cookie/Middleware/EncryptCookies.php(75): Illuminate\\Pipeline\\Pipeline->Illuminate\\Pipeline\\{closure}(Object(Illuminate\\Http\\Request))
#23 /data/data/com.termux/files/home/Aplikasi-Management-Inventaris/vendor/laravel/framework/src/Illuminate/Pipeline/Pipeline.php(183): Illuminate\\Cookie\\Middleware\\EncryptCookies->handle(Object(Illuminate\\Http\\Request), Object(Closure))
#24 /data/data/com.termux/files/home/Aplikasi-Management-Inventaris/vendor/laravel/framework/src/Illuminate/Pipeline/Pipeline.php(119): Illuminate\\Pipeline\\Pipeline->Illuminate\\Pipeline\\{closure}(Object(Illuminate\\Http\\Request))
#25 /data/data/com.termux/files/home/Aplikasi-Management-Inventaris/vendor/laravel/framework/src/Illuminate/Routing/Router.php(805): Illuminate\\Pipeline\\Pipeline->then(Object(Closure))
#26 /data/data/com.termux/files/home/Aplikasi-Management-Inventaris/vendor/laravel/framework/src/Illuminate/Routing/Router.php(784): Illuminate\\Routing\\Router->runRouteWithinStack(Object(Illuminate\\Routing\\Route), Object(Illuminate\\Http\\Request))
#27 /data/data/com.termux/files/home/Aplikasi-Management-Inventaris/vendor/laravel/framework/src/Illuminate/Routing/Router.php(748): Illuminate\\Routing\\Router->runRoute(Object(Illuminate\\Http\\Request), Object(Illuminate\\Routing\\Route))
#28 /data/data/com.termux/files/home/Aplikasi-Management-Inventaris/vendor/laravel/framework/src/Illuminate/Routing/Router.php(737): Illuminate\\Routing\\Router->dispatchToRoute(Object(Illuminate\\Http\\Request))
#29 /data/data/com.termux/files/home/Aplikasi-Management-Inventaris/vendor/laravel/framework/src/Illuminate/Foundation/Http/Kernel.php(200): Illuminate\\Routing\\Router->dispatch(Object(Illuminate\\Http\\Request))
#30 /data/data/com.termux/files/home/Aplikasi-Management-Inventaris/vendor/laravel/framework/src/Illuminate/Pipeline/Pipeline.php(144): Illuminate\\Foundation\\Http\\Kernel->Illuminate\\Foundation\\Http\\{closure}(Object(Illuminate\\Http\\Request))
#31 /data/data/com.termux/files/home/Aplikasi-Management-Inventaris/vendor/livewire/livewire/src/Features/SupportDisablingBackButtonCache/DisableBackButtonCacheMiddleware.php(19): Illuminate\\Pipeline\\Pipeline->Illuminate\\Pipeline\\{closure}(Object(Illuminate\\Http\\Request))
#32 /data/data/com.termux/files/home/Aplikasi-Management-Inventaris/vendor/laravel/framework/src/Illuminate/Pipeline/Pipeline.php(183): Livewire\\Features\\SupportDisablingBackButtonCache\\DisableBackButtonCacheMiddleware->handle(Object(Illuminate\\Http\\Request), Object(Closure))
#33 /data/data/com.termux/files/home/Aplikasi-Management-Inventaris/vendor/laravel/framework/src/Illuminate/Foundation/Http/Middleware/TransformsRequest.php(21): Illuminate\\Pipeline\\Pipeline->Illuminate\\Pipeline\\{closure}(Object(Illuminate\\Http\\Request))
#34 /data/data/com.termux/files/home/Aplikasi-Management-Inventaris/vendor/laravel/framework/src/Illuminate/Foundation/Http/Middleware/ConvertEmptyStringsToNull.php(31): Illuminate\\Foundation\\Http\\Middleware\\TransformsRequest->handle(Object(Illuminate\\Http\\Request), Object(Closure))
#35 /data/data/com.termux/files/home/Aplikasi-Management-Inventaris/vendor/laravel/framework/src/Illuminate/Pipeline/Pipeline.php(183): Illuminate\\Foundation\\Http\\Middleware\\ConvertEmptyStringsToNull->handle(Object(Illuminate\\Http\\Request), Object(Closure))
#36 /data/data/com.termux/files/home/Aplikasi-Management-Inventaris/vendor/laravel/framework/src/Illuminate/Foundation/Http/Middleware/TransformsRequest.php(21): Illuminate\\Pipeline\\Pipeline->Illuminate\\Pipeline\\{closure}(Object(Illuminate\\Http\\Request))
#37 /data/data/com.termux/files/home/Aplikasi-Management-Inventaris/vendor/laravel/framework/src/Illuminate/Foundation/Http/Middleware/TrimStrings.php(50): Illuminate\\Foundation\\Http\\Middleware\\TransformsRequest->handle(Object(Illuminate\\Http\\Request), Object(Closure))
#38 /data/data/com.termux/files/home/Aplikasi-Management-Inventaris/vendor/laravel/framework/src/Illuminate/Pipeline/Pipeline.php(183): Illuminate\\Foundation\\Http\\Middleware\\TrimStrings->handle(Object(Illuminate\\Http\\Request), Object(Closure))
#39 /data/data/com.termux/files/home/Aplikasi-Management-Inventaris/vendor/laravel/framework/src/Illuminate/Http/Middleware/ValidatePostSize.php(27): Illuminate\\Pipeline\\Pipeline->Illuminate\\Pipeline\\{closure}(Object(Illuminate\\Http\\Request))
#40 /data/data/com.termux/files/home/Aplikasi-Management-Inventaris/vendor/laravel/framework/src/Illuminate/Pipeline/Pipeline.php(183): Illuminate\\Http\\Middleware\\ValidatePostSize->handle(Object(Illuminate\\Http\\Request), Object(Closure))
#41 /data/data/com.termux/files/home/Aplikasi-Management-Inventaris/vendor/laravel/framework/src/Illuminate/Foundation/Http/Middleware/PreventRequestsDuringMaintenance.php(110): Illuminate\\Pipeline\\Pipeline->Illuminate\\Pipeline\\{closure}(Object(Illuminate\\Http\\Request))
#42 /data/data/com.termux/files/home/Aplikasi-Management-Inventaris/vendor/laravel/framework/src/Illuminate/Pipeline/Pipeline.php(183): Illuminate\\Foundation\\Http\\Middleware\\PreventRequestsDuringMaintenance->handle(Object(Illuminate\\Http\\Request), Object(Closure))
#43 /data/data/com.termux/files/home/Aplikasi-Management-Inventaris/vendor/laravel/framework/src/Illuminate/Http/Middleware/HandleCors.php(49): Illuminate\\Pipeline\\Pipeline->Illuminate\\Pipeline\\{closure}(Object(Illuminate\\Http\\Request))
#44 /data/data/com.termux/files/home/Aplikasi-Management-Inventaris/vendor/laravel/framework/src/Illuminate/Pipeline/Pipeline.php(183): Illuminate\\Http\\Middleware\\HandleCors->handle(Object(Illuminate\\Http\\Request), Object(Closure))
#45 /data/data/com.termux/files/home/Aplikasi-Management-Inventaris/vendor/laravel/framework/src/Illuminate/Http/Middleware/TrustProxies.php(57): Illuminate\\Pipeline\\Pipeline->Illuminate\\Pipeline\\{closure}(Object(Illuminate\\Http\\Request))
#46 /data/data/com.termux/files/home/Aplikasi-Management-Inventaris/vendor/laravel/framework/src/Illuminate/Pipeline/Pipeline.php(183): Illuminate\\Http\\Middleware\\TrustProxies->handle(Object(Illuminate\\Http\\Request), Object(Closure))
#47 /data/data/com.termux/files/home/Aplikasi-Management-Inventaris/vendor/laravel/framework/src/Illuminate/Pipeline/Pipeline.php(119): Illuminate\\Pipeline\\Pipeline->Illuminate\\Pipeline\\{closure}(Object(Illuminate\\Http\\Request))
#48 /data/data/com.termux/files/home/Aplikasi-Management-Inventaris/vendor/laravel/framework/src/Illuminate/Foundation/Http/Kernel.php(175): Illuminate\\Pipeline\\Pipeline->then(Object(Closure))
#49 /data/data/com.termux/files/home/Aplikasi-Management-Inventaris/vendor/laravel/framework/src/Illuminate/Foundation/Http/Kernel.php(144): Illuminate\\Foundation\\Http\\Kernel->sendRequestThroughRouter(Object(Illuminate\\Http\\Request))
#50 /data/data/com.termux/files/home/Aplikasi-Management-Inventaris/vendor/laravel/framework/src/Illuminate/Foundation/Application.php(1168): Illuminate\\Foundation\\Http\\Kernel->handle(Object(Illuminate\\Http\\Request))
#51 /data/data/com.termux/files/home/Aplikasi-Management-Inventaris/public/index.php(17): Illuminate\\Foundation\\Application->handleRequest(Object(Illuminate\\Http\\Request))
#52 /data/data/com.termux/files/home/Aplikasi-Management-Inventaris/vendor/laravel/framework/src/Illuminate/Foundation/resources/server.php(16): require_once('/data/data/com....')
#53 {main}
"} 
